Flutter crash report; please file at https://github.com/flutter/flutter/issues.

## command

flutter packages upgrade

## exception

YamlException: Error on line 3, column 23: Mapping values are not allowed here. Did you miss a colon earlier?
  ╷
3 │   uses-material-design: true
  │                       ^
  ╵

```
#0      Scanner._fetchValue (package:yaml/src/scanner.dart:713:9)
#1      Scanner._fetchNextToken (package:yaml/src/scanner.dart:457:11)
#2      Scanner._fetchMoreTokens (package:yaml/src/scanner.dart:339:7)
#3      Scanner.peek (package:yaml/src/scanner.dart:317:27)
#4      Parser._parseBlockMappingKey (package:yaml/src/parser.dart:411:26)
#5      Parser._stateMachine (package:yaml/src/parser.dart:86:16)
#6      Parser.parse (package:yaml/src/parser.dart:47:19)
#7      Loader._loadMapping (package:yaml/src/loader.dart:169:23)
#8      Loader._loadNode (package:yaml/src/loader.dart:86:16)
#9      Loader._loadDocument (package:yaml/src/loader.dart:62:20)
#10     Loader.load (package:yaml/src/loader.dart:54:20)
#11     loadYamlDocument (package:yaml/yaml.dart:51:25)
#12     loadYamlNode (package:yaml/yaml.dart:42:5)
#13     loadYaml (package:yaml/yaml.dart:34:5)
#14     FlutterManifest.createFromString (package:flutter_tools/src/flutter_manifest.dart:38:28)
#15     FlutterManifest.createFromPath (package:flutter_tools/src/flutter_manifest.dart:32:12)
#16     FlutterProject._readManifest (package:flutter_tools/src/project.dart:167:54)
#17     FlutterProject.fromDirectory (package:flutter_tools/src/project.dart:45:38)
#18     FlutterProject.fromPath (package:flutter_tools/src/project.dart:60:50)
#19     PackagesGetCommand.usageValues (package:flutter_tools/src/commands/packages.dart:80:55)
<asynchronous suspension>
#20     FlutterCommand._sendUsage (package:flutter_tools/src/runner/flutter_command.dart:411:58)
<asynchronous suspension>
#21     FlutterCommand.run.<anonymous closure> (package:flutter_tools/src/runner/flutter_command.dart:392:17)
<asynchronous suspension>
#22     AppContext.run.<anonymous closure> (package:flutter_tools/src/base/context.dart:153:29)
<asynchronous suspension>
#23     _rootRun (dart:async/zone.dart:1124:13)
#24     _CustomZone.run (dart:async/zone.dart:1021:19)
#25     _runZoned (dart:async/zone.dart:1516:10)
#26     runZoned (dart:async/zone.dart:1463:12)
#27     AppContext.run (package:flutter_tools/src/base/context.dart:152:18)
<asynchronous suspension>
#28     FlutterCommand.run (package:flutter_tools/src/runner/flutter_command.dart:375:20)
#29     CommandRunner.runCommand (package:args/command_runner.dart:197:27)
<asynchronous suspension>
#30     FlutterCommandRunner.runCommand.<anonymous closure> (package:flutter_tools/src/runner/flutter_command_runner.dart:396:21)
<asynchronous suspension>
#31     AppContext.run.<anonymous closure> (package:flutter_tools/src/base/context.dart:153:29)
<asynchronous suspension>
#32     _rootRun (dart:async/zone.dart:1124:13)
#33     _CustomZone.run (dart:async/zone.dart:1021:19)
#34     _runZoned (dart:async/zone.dart:1516:10)
#35     runZoned (dart:async/zone.dart:1463:12)
#36     AppContext.run (package:flutter_tools/src/base/context.dart:152:18)
<asynchronous suspension>
#37     FlutterCommandRunner.runCommand (package:flutter_tools/src/runner/flutter_command_runner.dart:356:19)
<asynchronous suspension>
#38     CommandRunner.run.<anonymous closure> (package:args/command_runner.dart:112:25)
#39     new Future.sync (dart:async/future.dart:224:31)
#40     CommandRunner.run (package:args/command_runner.dart:112:14)
#41     FlutterCommandRunner.run (package:flutter_tools/src/runner/flutter_command_runner.dart:242:18)
#42     run.<anonymous closure>.<anonymous closure> (package:flutter_tools/runner.dart:62:22)
<asynchronous suspension>
#43     _rootRun (dart:async/zone.dart:1124:13)
#44     _CustomZone.run (dart:async/zone.dart:1021:19)
#45     _runZoned (dart:async/zone.dart:1516:10)
#46     runZoned (dart:async/zone.dart:1500:12)
#47     run.<anonymous closure> (package:flutter_tools/runner.dart:60:18)
<asynchronous suspension>
#48     AppContext.run.<anonymous closure> (package:flutter_tools/src/base/context.dart:153:29)
<asynchronous suspension>
#49     _rootRun (dart:async/zone.dart:1124:13)
#50     _CustomZone.run (dart:async/zone.dart:1021:19)
#51     _runZoned (dart:async/zone.dart:1516:10)
#52     runZoned (dart:async/zone.dart:1463:12)
#53     AppContext.run (package:flutter_tools/src/base/context.dart:152:18)
<asynchronous suspension>
#54     runInContext (package:flutter_tools/src/context_runner.dart:56:24)
<asynchronous suspension>
#55     run (package:flutter_tools/runner.dart:51:10)
#56     main (package:flutter_tools/executable.dart:62:9)
<asynchronous suspension>
#57     main (file:///b/s/w/ir/k/archive/flutter/packages/flutter_tools/bin/flutter_tools.dart:8:3)
#58     _startIsolate.<anonymous closure> (dart:isolate-patch/isolate_patch.dart:299:32)
#59     _RawReceivePortImpl._handleMessage (dart:isolate-patch/isolate_patch.dart:172:12)
```

## flutter doctor

```
[32m[✓][39m Flutter (Channel stable, v1.7.8+hotfix.3, on Mac OS X 10.14.5 18F132, locale en-CA)
    [32m•[39m Flutter version 1.7.8+hotfix.3 at /Users/owaissiddiqui/flutter
    [32m•[39m Framework revision b712a172f9 (2 days ago), 2019-07-09 13:14:38 -0700
    [32m•[39m Engine revision 54ad777fd2
    [32m•[39m Dart version 2.4.0

[33m[!][39m Android toolchain - develop for Android devices (Android SDK version 29.0.0)
    [32m•[39m Android SDK at /Users/owaissiddiqui/Library/Android/sdk
    [32m•[39m Android NDK location not configured (optional; useful for native profiling support)
    [32m•[39m Platform android-29, build-tools 29.0.0
    [32m•[39m Java binary at: /Applications/Android Studio.app/Contents/jre/jdk/Contents/Home/bin/java
    [32m•[39m Java version OpenJDK Runtime Environment (build 1.8.0_152-release-1343-b01)
    [33m![39m Some Android licenses not accepted.  To resolve this, run: flutter doctor --android-licenses

[33m[!][39m Xcode - develop for iOS and macOS
    [31m✗[39m Xcode installation is incomplete; a full installation is necessary for iOS development.
      Download at: https://developer.apple.com/xcode/download/
      Or install Xcode via the App Store.
      Once installed, run:
        sudo xcode-select --switch /Applications/Xcode.app/Contents/Developer
    [32m•[39m CocoaPods version 1.7.2

[31m[✗][39m iOS tools - develop for iOS devices
    [31m✗[39m libimobiledevice and ideviceinstaller are not installed. To install with Brew, run:
        brew update
        brew install --HEAD usbmuxd
        brew link usbmuxd
        brew install --HEAD libimobiledevice
        brew install ideviceinstaller
    [31m✗[39m ios-deploy not installed. To install:
        brew install ios-deploy

[33m[!][39m Android Studio (version 3.4)
    [32m•[39m Android Studio at /Applications/Android Studio.app/Contents
    [31m✗[39m Flutter plugin not installed; this adds Flutter specific functionality.
    [31m✗[39m Dart plugin not installed; this adds Dart specific functionality.
    [32m•[39m Java version OpenJDK Runtime Environment (build 1.8.0_152-release-1343-b01)

[32m[✓][39m VS Code (version 1.36.1)
    [32m•[39m VS Code at /Applications/Visual Studio Code.app/Contents
    [32m•[39m Flutter extension version 3.2.0

[33m[!][39m Connected device
    [33m![39m No devices available

[33m![39m Doctor found issues in 5 categories.
```
